2024-07-01 18:48:38,011 INFO: Script started
2024-07-01 18:48:38,398 INFO: Fetched currency data
2024-07-01 18:48:38,399 INFO: Generating table from currency data
2024-07-01 18:48:38,846 INFO: Table image generated and saved
2024-07-01 18:48:38,849 INFO: Uploading table image to server
2024-07-01 18:48:39,044 INFO: Connected (version 2.0, client OpenSSH_9.6p1)
2024-07-01 18:48:39,597 INFO: Authentication (publickey) successful!
2024-07-01 18:48:40,547 INFO: Table image uploaded to server
2024-07-01 18:48:40,971 INFO: Email sent: 200 {'Messages': [{'Status': 'success', 'CustomID': '', 'To': [{'Email': 'dionis.prvulovic@icloud.com', 'MessageUUID': '9a1730d9-9100-4fe7-9ca3-f3de5d93f7a9', 'MessageID': 576460776897472411, 'MessageHref': 'https://api.mailjet.com/v3/REST/message/576460776897472411'}], 'Cc': [], 'Bcc': []}]}
2024-07-01 18:48:40,972 INFO: Script completed successfully
2024-07-02 08:16:26,781 INFO: Script started
2024-07-02 08:16:27,047 INFO: Fetched currency data
2024-07-02 08:16:27,047 INFO: Generating table from currency data
2024-07-02 08:16:27,566 INFO: Table image generated and saved
2024-07-02 08:16:27,567 INFO: Uploading table image to server
2024-07-02 08:16:27,570 INFO: Connected (version 2.0, client OpenSSH_9.6p1)
2024-07-02 08:16:27,620 ERROR: Error occurred: [Errno 2] No such file or directory: 'C:\\\\Users\\\\dionis.prvulovic\\\\.ssh\\\\11-student.pem'
2024-07-02 08:26:02,618 INFO: Script started
2024-07-02 08:26:02,885 INFO: Fetched currency data
2024-07-02 08:26:02,885 INFO: Generating table from currency data
2024-07-02 08:26:03,380 INFO: Table image generated and saved
2024-07-02 08:26:03,380 INFO: Uploading table image to server
2024-07-02 08:26:03,384 INFO: Connected (version 2.0, client OpenSSH_9.6p1)
2024-07-02 08:26:03,499 INFO: Authentication (publickey) successful!
2024-07-02 08:26:04,029 INFO: Table image uploaded to server
2024-07-02 08:26:04,582 INFO: Email sent: 200 {'Messages': [{'Status': 'success', 'CustomID': '', 'To': [{'Email': 'dionis.prvulovic@icloud.com', 'MessageUUID': 'aecef864-356b-4e71-8c39-81b921ad8366', 'MessageID': 1152921529212444297, 'MessageHref': 'https://api.mailjet.com/v3/REST/message/1152921529212444297'}], 'Cc': [], 'Bcc': []}]}
2024-07-02 08:26:04,583 INFO: Script completed successfully
2024-07-02 08:26:21,203 INFO: Script started
2024-07-02 08:26:21,355 INFO: Fetched currency data
2024-07-02 08:26:21,356 INFO: Generating table from currency data
2024-07-02 08:26:21,855 INFO: Table image generated and saved
2024-07-02 08:26:21,855 INFO: Uploading table image to server
2024-07-02 08:26:21,859 INFO: Connected (version 2.0, client OpenSSH_9.6p1)
2024-07-02 08:26:21,973 INFO: Authentication (publickey) successful!
2024-07-02 08:26:22,091 INFO: Table image uploaded to server
2024-07-02 08:26:22,622 INFO: Email sent: 200 {'Messages': [{'Status': 'success', 'CustomID': '', 'To': [{'Email': 'dionis.prvulovic@icloud.com', 'MessageUUID': '95dab501-7a89-4f41-9aba-73b53c1adb43', 'MessageID': 576460776907064336, 'MessageHref': 'https://api.mailjet.com/v3/REST/message/576460776907064336'}], 'Cc': [], 'Bcc': []}]}
2024-07-02 08:26:22,622 INFO: Script completed successfully
2024-07-02 08:43:24,665 INFO: Script started
2024-07-02 08:43:24,924 INFO: Fetched currency data
2024-07-02 08:43:24,925 INFO: Generating table from currency data
2024-07-02 08:43:25,416 INFO: Table image generated and saved
2024-07-02 08:43:25,416 INFO: Uploading table image to server
2024-07-02 08:43:25,420 INFO: Connected (version 2.0, client OpenSSH_9.6p1)
2024-07-02 08:43:25,534 INFO: Authentication (publickey) successful!
2024-07-02 08:43:26,036 INFO: Table image uploaded to server
2024-07-02 08:43:26,639 INFO: Email sent: 200 {'Messages': [{'Status': 'success', 'CustomID': '', 'To': [{'Email': 'dionis.prvulovic@icloud.com', 'MessageUUID': '9c0e4c88-e25f-4241-897b-695a3d8789df', 'MessageID': 576460776907363875, 'MessageHref': 'https://api.mailjet.com/v3/REST/message/576460776907363875'}], 'Cc': [], 'Bcc': []}]}
2024-07-02 08:43:26,639 INFO: Script completed successfully
2024-07-02 08:52:02,282 INFO: Script started
2024-07-02 08:52:02,601 INFO: Fetched currency data
2024-07-02 08:52:02,601 INFO: Generating table from currency data
2024-07-02 08:52:03,099 INFO: Table image generated and saved
2024-07-02 08:52:03,099 INFO: Uploading table image to server
2024-07-02 08:52:03,102 INFO: Connected (version 2.0, client OpenSSH_9.6p1)
2024-07-02 08:52:03,216 INFO: Authentication (publickey) successful!
2024-07-02 08:52:03,728 INFO: Table image uploaded to server
2024-07-02 08:52:04,355 INFO: Email sent: 200 {'Messages': [{'Status': 'success', 'CustomID': '', 'To': [{'Email': 'dionis.prvulovic@icloud.com', 'MessageUUID': 'c7451332-7eb5-4792-8d8a-e7ca1369024f', 'MessageID': 1152921529212903656, 'MessageHref': 'https://api.mailjet.com/v3/REST/message/1152921529212903656'}], 'Cc': [], 'Bcc': []}]}
2024-07-02 08:52:04,355 INFO: Script completed successfully
